<?xml version="1.0" encoding="UTF-8"?>
<!-- Generated by org.testng.reporters.JUnitXMLReporter -->
<testsuite ignored="0" hostname="DESKTOP-POP5FHO" failures="1" tests="4" name="Test" time="58.208" errors="0" timestamp="2024-11-23T16:42:40 IST">
  <testcase classname="TestCases.TC01_LoginTest" name="login" time="6.144"/>
  <testcase classname="TestCases.TC02_SignUP" name="signup" time="4.583"/>
  <testcase classname="TestCases.TC03_BuyProduct" name="product" time="11.765">
    <failure type="org.openqa.selenium.ElementClickInterceptedException" message="element click intercepted: Element &amp;lt;button type=&amp;quot;button&amp;quot; class=&amp;quot;btn btn-primary btn-sm mr-xs trigger-deliver&amp;quot;&amp;gt;...&amp;lt;/button&amp;gt; is not clickable at point (824, 47). Other element would receive the click: &amp;lt;div class=&amp;quot;col-4 col-md-2 center&amp;quot;&amp;gt;...&amp;lt;/div&amp;gt;
  (Session info: MicrosoftEdge=130.0.2849.56)
Build info: version: &amp;apos;4.11.0&amp;apos;, revision: &amp;apos;040bc5406b&amp;apos;
System info: os.name: &amp;apos;Windows 11&amp;apos;, os.arch: &amp;apos;amd64&amp;apos;, os.version: &amp;apos;10.0&amp;apos;, java.version: &amp;apos;17.0.7&amp;apos;
Driver info: org.openqa.selenium.edge.EdgeDriver
Command: [59b32559bd318cf87ee8fb6da82008ad, clickElement {id=f.58E01C8666A76D9E8F693F122C23EB06.d.FE2F3AB52801D1D15A4E946CCBFB5CED.e.380}]
Capabilities {acceptInsecureCerts: false, browserName: MicrosoftEdge, browserVersion: 130.0.2849.56, fedcm:accounts: true, ms:edgeOptions: {debuggerAddress: localhost:52848}, msedge: {msedgedriverVersion: 130.0.2849.99 (024c19ef3a6a..., userDataDir: C:\Users\Seema\AppData\Loca...}, networkConnectionEnabled: false, pageLoadStrategy: normal, platformName: windows, proxy: Proxy(), se:cdp: ws://localhost:52848/devtoo..., se:cdpVersion: 130.0.2849.56, setWindowRect: true, strictFileInteractability: false, timeouts: {implicit: 0, pageLoad: 300000, script: 30000}, unhandledPromptBehavior: dismiss and notify, webauthn:extension:credBlob: true, webauthn:extension:largeBlob: true, webauthn:extension:minPinLength: true, webauthn:extension:prf: true, webauthn:virtualAuthenticators: true}
Element: [[EdgeDriver: MicrosoftEdge on windows (59b32559bd318cf87ee8fb6da82008ad)] -&amp;gt; xpath: //*[@id=&amp;quot;checkout&amp;quot;]/div/div[1]/div[2]/div[2]/div[1]/div/div/div[2]/button[1]]
Session ID: 59b32559bd318cf87ee8fb6da82008ad">
      <![CDATA[org.openqa.selenium.ElementClickInterceptedException: element click intercepted: Element <button type="button" class="btn btn-primary btn-sm mr-xs trigger-deliver">...</button> is not clickable at point (824, 47). Other element would receive the click: <div class="col-4 col-md-2 center">...</div>
  (Session info: MicrosoftEdge=130.0.2849.56)
Build info: version: '4.11.0', revision: '040bc5406b'
System info: os.name: 'Windows 11', os.arch: 'amd64', os.version: '10.0', java.version: '17.0.7'
Driver info: org.openqa.selenium.edge.EdgeDriver
Command: [59b32559bd318cf87ee8fb6da82008ad, clickElement {id=f.58E01C8666A76D9E8F693F122C23EB06.d.FE2F3AB52801D1D15A4E946CCBFB5CED.e.380}]
Capabilities {acceptInsecureCerts: false, browserName: MicrosoftEdge, browserVersion: 130.0.2849.56, fedcm:accounts: true, ms:edgeOptions: {debuggerAddress: localhost:52848}, msedge: {msedgedriverVersion: 130.0.2849.99 (024c19ef3a6a..., userDataDir: C:\Users\Seema\AppData\Loca...}, networkConnectionEnabled: false, pageLoadStrategy: normal, platformName: windows, proxy: Proxy(), se:cdp: ws://localhost:52848/devtoo..., se:cdpVersion: 130.0.2849.56, setWindowRect: true, strictFileInteractability: false, timeouts: {implicit: 0, pageLoad: 300000, script: 30000}, unhandledPromptBehavior: dismiss and notify, webauthn:extension:credBlob: true, webauthn:extension:largeBlob: true, webauthn:extension:minPinLength: true, webauthn:extension:prf: true, webauthn:virtualAuthenticators: true}
Element: [[EdgeDriver: MicrosoftEdge on windows (59b32559bd318cf87ee8fb6da82008ad)] -> xpath: //*[@id="checkout"]/div/div[1]/div[2]/div[2]/div[1]/div/div/div[2]/button[1]]
Session ID: 59b32559bd318cf87ee8fb6da82008ad
at org.openqa.selenium.remote.codec.w3c.W3CHttpResponseCodec.createException(W3CHttpResponseCodec.java:200)
at org.openqa.selenium.remote.codec.w3c.W3CHttpResponseCodec.decode(W3CHttpResponseCodec.java:133)
at org.openqa.selenium.remote.codec.w3c.W3CHttpResponseCodec.decode(W3CHttpResponseCodec.java:52)
at org.openqa.selenium.remote.HttpCommandExecutor.execute(HttpCommandExecutor.java:191)
at org.openqa.selenium.remote.service.DriverCommandExecutor.invokeExecute(DriverCommandExecutor.java:196)
at org.openqa.selenium.remote.service.DriverCommandExecutor.execute(DriverCommandExecutor.java:171)
at org.openqa.selenium.remote.RemoteWebDriver.execute(RemoteWebDriver.java:518)
at org.openqa.selenium.remote.RemoteWebElement.execute(RemoteWebElement.java:224)
at org.openqa.selenium.remote.RemoteWebElement.click(RemoteWebElement.java:77)
at TestCases.TC03_BuyProduct.product(TC03_BuyProduct.java:63)
at java.base/java.util.ArrayList.forEach(ArrayList.java:1511)
... Removed 32 stack frames]]>
    </failure>
  </testcase> <!-- product -->
  <testcase classname="TestCases.TC04_footer" name="footerscroller" time="12.903"/>
</testsuite> <!-- Test -->
